<?xml version="1.0" encoding="UTF-8" ?>
<testsuite tests="1" failures="1" name="com.ily.springMvcProject.services.TestServicesTest" time="0.002" errors="0" skipped="0">
  <properties>
    <property name="java.runtime.name" value="Java(TM) SE Runtime Environment"/>
    <property name="sun.boot.library.path" value="E:\WORKSPACE\Java\Environement\JDK 8\jre\bin"/>
    <property name="java.vm.version" value="25.271-b09"/>
    <property name="java.vm.vendor" value="Oracle Corporation"/>
    <property name="maven.multiModuleProjectDirectory" value="C:\Users\hisoka\git\spring\springMvcProject"/>
    <property name="java.vendor.url" value="http://java.oracle.com/"/>
    <property name="path.separator" value=";"/>
    <property name="guice.disable.misplaced.annotation.check" value="true"/>
    <property name="java.vm.name" value="Java HotSpot(TM) 64-Bit Server VM"/>
    <property name="file.encoding.pkg" value="sun.io"/>
    <property name="user.script" value=""/>
    <property name="user.country" value="FR"/>
    <property name="sun.java.launcher" value="SUN_STANDARD"/>
    <property name="sun.os.patch.level" value=""/>
    <property name="java.vm.specification.name" value="Java Virtual Machine Specification"/>
    <property name="user.dir" value="C:\Users\hisoka\git\spring\springMvcProject"/>
    <property name="java.runtime.version" value="1.8.0_271-b09"/>
    <property name="java.awt.graphicsenv" value="sun.awt.Win32GraphicsEnvironment"/>
    <property name="java.endorsed.dirs" value="E:\WORKSPACE\Java\Environement\JDK 8\jre\lib\endorsed"/>
    <property name="os.arch" value="amd64"/>
    <property name="java.io.tmpdir" value="C:\Users\hisoka\AppData\Local\Temp\"/>
    <property name="line.separator" value="
"/>
    <property name="java.vm.specification.vendor" value="Oracle Corporation"/>
    <property name="user.variant" value=""/>
    <property name="os.name" value="Windows 10"/>
    <property name="classworlds.conf" value="E:\WORKSPACE\Java\WorkSpaceProject\.metadata\.plugins\org.eclipse.m2e.launching\launches\m2conf11212945576116407776.tmp"/>
    <property name="sun.jnu.encoding" value="Cp1252"/>
    <property name="java.library.path" value="E:\WORKSPACE\Java\Environement\JDK 8\bin;C:\WINDOWS\Sun\Java\bin;C:\WINDOWS\system32;C:\WINDOWS;E:/WORKSPACE/Java/Environement/JDK 11/bin/server;E:/WORKSPACE/Java/Environement/JDK 11/bin;C:\WINDOWS\system32;C:\WINDOWS;C:\WINDOWS\System32\Wbem;C:\WINDOWS\System32\WindowsPowerShell\v1.0\;C:\WINDOWS\System32\OpenSSH\;E:\WORKSPACE\NodeJS\Nodeenvironement;E:\WORKSPACE\Java\Environement\JDK 11\bin;C:\Program Files\Microsoft SQL Server\Client SDK\ODBC\170\Tools\Binn\;C:\Program Files (x86)\Microsoft SQL Server\150\Tools\Binn\;C:\Program Files\Microsoft SQL Server\150\Tools\Binn\;C:\Program Files\Microsoft SQL Server\150\DTS\Binn\;C:\Program Files\Git\cmd;C:\Program Files\PuTTY\;C:\Users\hisoka\AppData\Local\Microsoft\WindowsApps;C:\Users\hisoka\AppData\Roaming\npm;E:\My WORK SPACE\Angular\Angular environement\IDE\Microsoft VS Code\bin;E:\My WORK SPACE\Java\Java Environement\JDK 11\bin;;E:\WORKSPACE\Java\Environement\IDE\EclipseEntreprise\eclipse2020\eclipse;;."/>
    <property name="java.specification.name" value="Java Platform API Specification"/>
    <property name="java.class.version" value="52.0"/>
    <property name="sun.management.compiler" value="HotSpot 64-Bit Tiered Compilers"/>
    <property name="os.version" value="10.0"/>
    <property name="user.home" value="C:\Users\hisoka"/>
    <property name="user.timezone" value="Europe/Paris"/>
    <property name="java.awt.printerjob" value="sun.awt.windows.WPrinterJob"/>
    <property name="java.specification.version" value="1.8"/>
    <property name="file.encoding" value="Cp1252"/>
    <property name="user.name" value="hisoka"/>
    <property name="java.class.path" value="E:\WORKSPACE\Java\Environement\IDE\EclipseEntreprise\eclipse2020\eclipse\plugins\org.eclipse.m2e.maven.runtime_1.16.0.20200610-1735\jars\plexus-classworlds-2.6.0.jar"/>
    <property name="java.vm.specification.version" value="1.8"/>
    <property name="sun.arch.data.model" value="64"/>
    <property name="java.home" value="E:\WORKSPACE\Java\Environement\JDK 8\jre"/>
    <property name="sun.java.command" value="org.codehaus.plexus.classworlds.launcher.Launcher -B test"/>
    <property name="java.specification.vendor" value="Oracle Corporation"/>
    <property name="user.language" value="fr"/>
    <property name="awt.toolkit" value="sun.awt.windows.WToolkit"/>
    <property name="java.vm.info" value="mixed mode"/>
    <property name="java.version" value="1.8.0_271"/>
    <property name="java.ext.dirs" value="E:\WORKSPACE\Java\Environement\JDK 8\jre\lib\ext;C:\WINDOWS\Sun\Java\lib\ext"/>
    <property name="sun.boot.class.path" value="E:\WORKSPACE\Java\Environement\JDK 8\jre\lib\resources.jar;E:\WORKSPACE\Java\Environement\JDK 8\jre\lib\rt.jar;E:\WORKSPACE\Java\Environement\JDK 8\jre\lib\sunrsasign.jar;E:\WORKSPACE\Java\Environement\JDK 8\jre\lib\jsse.jar;E:\WORKSPACE\Java\Environement\JDK 8\jre\lib\jce.jar;E:\WORKSPACE\Java\Environement\JDK 8\jre\lib\charsets.jar;E:\WORKSPACE\Java\Environement\JDK 8\jre\lib\jfr.jar;E:\WORKSPACE\Java\Environement\JDK 8\jre\classes"/>
    <property name="java.vendor" value="Oracle Corporation"/>
    <property name="maven.home" value="C:\Users\hisoka\git\spring\springMvcProject\EMBEDDED"/>
    <property name="file.separator" value="\"/>
    <property name="java.vendor.url.bug" value="http://bugreport.sun.com/bugreport/"/>
    <property name="sun.cpu.endian" value="little"/>
    <property name="sun.io.unicode.encoding" value="UnicodeLittle"/>
    <property name="sun.desktop" value="windows"/>
    <property name="sun.cpu.isalist" value="amd64"/>
  </properties>
  <testcase classname="com.ily.springMvcProject.services.TestServicesTest" name="com.ily.springMvcProject.services.TestServicesTest.testGetName" time="0.002">
    <failure message="org/junit/Assert" type="java.lang.NoClassDefFoundError">java.lang.NoClassDefFoundError: org/junit/Assert
	at com.ily.springMvcProject.services.TestServicesTest.testGetName(TestServicesTest.java:17)
Caused by: java.lang.ClassNotFoundException: org.junit.Assert
	at java.net.URLClassLoader.findClass(URLClassLoader.java:382)
	at java.lang.ClassLoader.loadClass(ClassLoader.java:418)
	at sun.misc.Launcher$AppClassLoader.loadClass(Launcher.java:355)
	at java.lang.ClassLoader.loadClass(ClassLoader.java:351)
	... 19 more
</failure>
  </testcase>
</testsuite>